0:100  0:100  MemLog inited, TSC freq: 2112305500
0:100  0:000  CPU was calibrated with RTC
0:100  0:000  
0:100  0:000  Now is 7.5.2020,  4:15:52 (GMT)
0:100  0:000  Starting Clover revision: 5070 on American Megatrends EFI
0:100  0:000  Build with: [Args: -D NO_GRUB_DRIVERS_EMBEDDED | -D NO_GRUB_DRIVERS_EMBEDDED -D USE_LOW_EBDA -a X64 -b RELEASE -t XCODE8 -n 5 | OS: 10.14.6 | XCODE: 10.3]
0:100  0:000  SelfDevicePath=PciRoot(0x0)\Pci(0x1D,0x0)\Pci(0x0,0x0)\NVMe(0x1,DF-92-61-46-8B-44-1B-00)\HD(1,GPT,4DE5E229-6B3B-4F6A-85DA-83D93233A41D,0x28,0x64000) @7333A498
0:100  0:000  SelfDirPath = \EFI\Boot
0:100  0:000  SimpleTextEx Status=Success
0:100  0:000  === [ Get Smbios ] ========================================
0:100  0:000  Type 16 Index = 0
0:100  0:000  Total Memory Slots Count = 2
0:100  0:000  Type 17 Index = 0
0:100  0:000  Ignoring insane frequency value 0MHz
0:100  0:000  SmbiosTable.Type17->Speed = 0MHz
0:100  0:000  SmbiosTable.Type17->Size = 0MB
0:100  0:000  SmbiosTable.Type17->Bank/Device =  DIMM A
0:100  0:000  SmbiosTable.Type17->Vendor = <null string>
0:100  0:000  SmbiosTable.Type17->SerialNumber = <null string>
0:100  0:000  SmbiosTable.Type17->PartNumber = <null string>
0:100  0:000  Type 17 Index = 1
0:100  0:000  SmbiosTable.Type17->Speed = 2667MHz
0:100  0:000  SmbiosTable.Type17->Size = 8192MB
0:100  0:000  SmbiosTable.Type17->Bank/Device =  DIMM B
0:100  0:000  SmbiosTable.Type17->Vendor = 01980000802C
0:100  0:000  SmbiosTable.Type17->SerialNumber = 7E7B4335
0:100  0:000  SmbiosTable.Type17->PartNumber = KHYXPX-MID          
0:100  0:000  Boot status=0
0:100  0:000  Running on: 'Latitude 5400' with board '0PD9KD'
0:100  0:000  === [ GetCPUProperties ] ==================================
0:100  0:000  CPU Vendor = 756E6547 Model=806EC
0:100  0:000   The CPU supported SSE4.1
0:100  0:000  BrandString = Intel(R) Core(TM) i7-8665U CPU @ 1.90GHz
0:100  0:000   The CPU supported turbo
0:100  0:000  MSR 0x35               40008
0:100  0:000   TSC/CCC Information Leaf:
0:100  0:000    numerator     : 176
0:100  0:000    denominator   : 2
0:100  0:000   Calibrated ARTFrequency: 24003471
0:100  0:000   Rounded ARTFrequency: 24100000
0:100  0:000  MSR 0xE2 before patch 1E008008
0:100  0:000  MSR 0xE2 is locked, PM patches will be turned on
0:100  0:000  MSR 0xCE              0804043D_F1011500
0:100  0:000  corrected FLEX_RATIO = 0
0:100  0:000  MSR 0x1B0             00000000
0:100  0:000  FSBFrequency = 200 MHz, DMI FSBFrequency = 100 MHz, Corrected FSBFrequency = 100 MHz
0:100  0:000  MaxDiv/MinDiv: 21.0/4
0:100  0:000  Turbo: 42/42/47/48
0:100  0:000  Features: 0xBFEBFBFF
0:100  0:000  Threads: 8
0:100  0:000  Cores: 4
0:100  0:000  FSB: 100 MHz
0:100  0:000  CPU: 4200 MHz
0:100  0:000  TSC: 4200 MHz
0:100  0:000  PIS: 100 MHz
0:100  0:000  ExternalClock: 25 MHz
0:100  0:000  === [ GetDevices ] ========================================
0:100  0:000  GOP found at: PciRoot(0x0)/Pci(0x2,0x0)/AcpiAdr(0x80011400)
0:100  0:000  PCI (00|00:00.00) : 8086 3E34 class=060000
0:100  0:000  PCI (00|00:02.00) : 8086 3EA0 class=030000
0:100  0:000   - GOP: Provided by device
0:100  0:000   - GFX: Model=Intel UHD Graphics 620 (Intel)
0:100  0:000  PCI (00|00:04.00) : 8086 1903 class=118000
0:100  0:000  PCI (00|00:08.00) : 8086 1911 class=088000
0:100  0:000  PCI (00|00:12.00) : 8086 9DF9 class=118000
0:100  0:000  PCI (00|00:14.00) : 8086 9DED class=0C0330
0:100  0:000  PCI (00|00:14.02) : 8086 9DEF class=050000
0:100  0:000  PCI (00|00:14.03) : 8086 9DF0 class=028000
0:100  0:000   - WIFI: Vendor=Intel
0:101  0:000  PCI (00|00:15.00) : 8086 9DE8 class=0C8000
0:101  0:000  PCI (00|00:15.01) : 8086 9DE9 class=0C8000
0:101  0:000  PCI (00|00:16.00) : 8086 9DE0 class=078000
0:101  0:000  PCI (00|00:17.00) : 8086 9DD3 class=010601
0:101  0:000  PCI (00|00:19.00) : 8086 9DC5 class=0C8000
0:101  0:000  PCI (00|00:1C.00) : 8086 9DB8 class=060400
0:101  0:000  PCI (00|01:00.00) : 10EC 525A class=FF0000
0:101  0:000  PCI (00|00:1C.04) : 8086 9DBC class=060400
0:101  0:000  PCI (00|02:00.00) : 8086 15DA class=060400
0:101  0:000  PCI (00|03:00.00) : 8086 15DA class=060400
0:101  0:000  PCI (00|04:00.00) : 8086 15D9 class=088000
0:101  0:000  PCI (00|03:01.00) : 8086 15DA class=060400
0:101  0:000  PCI (00|03:02.00) : 8086 15DA class=060400
0:101  0:000  PCI (00|3A:00.00) : 8086 15DB class=0C0330
0:101  0:000  PCI (00|00:1D.00) : 8086 9DB4 class=060400
0:101  0:000  PCI (00|3B:00.00) : 15B7 5004 class=010802
0:101  0:000  PCI (00|00:1F.00) : 8086 9D84 class=060100
0:101  0:000  PCI (00|00:1F.03) : 8086 9DC8 class=040380
0:101  0:000  PCI (00|00:1F.04) : 8086 9DA3 class=0C0500
0:101  0:000  PCI (00|00:1F.05) : 8086 9DA4 class=0C8000
0:101  0:000  PCI (00|00:1F.06) : 8086 15BD class=020000
0:101  0:000   - LAN: 0 Vendor=Intel
0:101  0:000  === [ GetDefaultSettings ] ================================
0:101  0:000  Clover load options size = 262 bytes
0:102  0:001  EFI\CLOVER\.plist not loaded with name from LoadOptions: Invalid Parameter
0:104  0:001  EFI\CLOVER\config.plist loaded: Success
0:104  0:000  === [ GetListOfThemes ] ===================================
0:104  0:000  - [00]: Catalina
0:106  0:002  - [01]: random
0:107  0:000  - [01]: embedded
0:107  0:000  === [ Found config plists ] ===============================
0:107  0:000  - config_latest.plist
0:107  0:000  - config.plist
0:108  0:000  === [ GetEarlyUserSettings ] ==============================
0:108  0:000  timeout set to 3
0:108  0:000  Custom boot CUSTOM_BOOT_DISABLED (0x0)
0:108  0:000  ForceKextsToLoad: 1 requested
0:108  0:000   - [0]: System\Library\Extensions\IONetworkingFamily.kext
0:108  0:000  KextsToPatch: 5 requested
0:108  0:000   - [00]: IOUSBHostFamily (USB port limit patch 10.14.x (credit ydeng)) :: MatchOS: 10.14.x :: BinPatch :: data len: 7
0:108  0:000   - patch disabled at config
0:108  0:000   - [01]: com.apple.driver.usb.AppleUSBXHCI (USB Port limit patch 10.14.5,10.14.6) :: MatchOS: 10.14.5,10.14.6 :: BinPatch :: data len: 10
0:108  0:000   - patch disabled at config
0:108  0:000   - [02]: USB port name 10.14.x (credit ydeng) (USB port name 10.14.x (credit ydeng)) :: MatchOS: 10.14.x :: BinPatch :: data len: 8
0:108  0:000   - patch disabled at config
0:108  0:000   - [03]: com.apple.driver.AppleIntelLpssI2CController (Prevent Apple I2C kexts from attaching to I2C controllers, credit CoolStar) :: PlistPatch :: data len: 5
0:108  0:000   - [04]: com.apple.driver.AppleIntelLpssI2C (Prevent Apple I2C kexts from attaching to I2C controllers, credit CoolStar) :: PlistPatch :: data len: 5
0:108  0:000  KernelToPatch: 3 requested
0:108  0:000   - [00]: MSR 0xE2 _xcpm_idle instant reboot(c) Pike R. Alpha :: data len: 8
0:108  0:000   - [01]: Disable panic kext logging on 10.13 release kernel (credit vit9696) :: MatchOS: 10.13.x :: data len: 6
0:108  0:000   - [02]: Disable panic kext logging on 10.14 release kernel (credit vit9696) :: MatchOS: 10.14.x :: data len: 6
0:108  0:000  Default theme: Catalina
0:108  0:000  Hiding entries with string Preboot
0:108  0:000  === [ LoadDrivers ] =======================================
0:108  0:000  Loading FSInject.efi  status=Success
0:118  0:009  Loading HFSPlus.efi  status=Success
0:127  0:009   - driver needs connecting
0:127  0:000  Loading AptioInputFix.efi  status=Success
0:136  0:009  Loading VirtualSmc.efi  status=Success
0:145  0:009  Loading DataHubDxe.efi  status=Success
0:168  0:022  Loading PartitionDxe.efi  status=Success
0:177  0:008   - driver needs connecting
0:177  0:000  Loading ApfsDriverLoader.efi  status=Success
0:186  0:008   - driver needs connecting
0:186  0:000  Loading AudioDxe.efi  status=Success
0:195  0:009   - driver needs connecting
0:195  0:000  Loading AptioMemoryFix.efi  status=Success
0:204  0:009  4 drivers needs connecting ...
0:204  0:000  PlatformDriverOverrideProtocol not found. Installing ... Success
0:204  0:000  Partition driver loaded: 
0:204  0:000  HFS+ driver loaded
0:204  0:000  APFS driver loaded
0:204  0:000  Searching for invalid DiskIo BY_DRIVER connects: not found, all ok
4:299  4:094  === [ InitScreen ] ========================================
4:299  0:000  Console modes reported: 4, available modes:
4:299  0:000   - [01]: 80x25
4:299  0:000   - [02]: 80x50
4:299  0:000   - [03]: 100x31
4:299  0:000   - [04]: 240x56 (current mode)
4:299  0:000  SetMaxResolution: found best mode 0: 1920x1080
4:299  0:000   - already set
4:299  0:000  reinit: self device path=PciRoot(0x0)\Pci(0x1D,0x0)\Pci(0x0,0x0)\NVMe(0x1,DF-92-61-46-8B-44-1B-00)\HD(1,GPT,4DE5E229-6B3B-4F6A-85DA-83D93233A41D,0x28,0x64000)
4:300  0:000  Using embedded font: Success
4:300  0:000  === [ GetMacAddress ] =====================================
4:300  0:000  MAC address of LAN #0= 34:48:ED:20:3E:DF:
4:300  0:000  MAC address of LAN #1= 34:48:ED:20:3E:DF:
4:300  0:000  MAC address of LAN #2= 34:48:ED:20:3E:DF:
4:300  0:000  MAC address of LAN #3= 34:48:ED:20:3E:DF:
4:300  0:000  === [ ScanSPD ] ===========================================
4:301  0:000  Scanning SMBus [8086:9DA3], mmio: 0xCC344004, ioport: 0xEFA0, hostc: 0x11
4:320  0:018  Slot: 2 Type 26 8192MB 2666MHz Vendor=Kingston PartNo=KHYXPX-MID SerialNo=070E070B04030305
4:321  0:000  === [ GetAcpiTablesList ] =================================
4:321  0:000  Get Acpi Tables List from RSDT:
4:321  0:000   - [00]: FACP  CBX3    len=132
4:321  0:000   - [01]: APIC  CBX3    len=188
4:321  0:000   - [02]: FPDT  CBX3    len=68
4:321  0:000   - [03]: FIDT  CBX3    len=156
4:321  0:000   - [04]: MCFG  CBX3    len=60
4:321  0:000   - [05]: SSDT  CpuSsdt len=6950
4:321  0:000   - [06]: BOOT  CBX3     len=40
4:321  0:000   - [07]: SSDT  SaSsdt  len=5731
4:321  0:000   - [08]: HPET  CBX3    len=56
4:321  0:000   - [09]: SSDT  WHL_Tbt_ len=8666
4:321  0:000   - [10]: SSDT  xh_whlt4 len=12594
4:321  0:000   - [11]: UEFI  CBX3    len=66
4:321  0:000   - [12]: LPIT  CBX3    len=148
4:321  0:000   - [13]: SSDT  PtidDevc len=10206
4:321  0:000   - [14]: SSDT  TbtTypeC len=2788
4:321  0:000   - [15]: DBGP  CBX3    len=52
4:321  0:000   - [16]: DBG2  CBX3    len=84
4:321  0:000   - [17]: SSDT  UsbCTabl len=1990
4:321  0:000   - [18]: SSDT  DptfTabl len=27653
4:321  0:000   - [19]: MSDM  CBX3    len=85
4:321  0:000   - [20]: SLIC  CBX3    len=374
4:321  0:000   - [21]: SSDT  ADebTabl len=324
4:321  0:000   - [22]: NHLT  EDK2     len=45
4:321  0:000   - [23]: BGRT  CBX3    len=56
4:321  0:000   - [24]: TPM2  CBX3    len=52
4:321  0:000   - [25]: ASF!  CBX3    len=116
4:321  0:000  Calibrated TSC Frequency = 2112305500 = 2112MHz
4:321  0:000  === [ GetUserSettings ] ===================================
4:321  0:000  Add 5 devices:
4:321  0:000  USB FixOwnership: yes
4:321  0:000  Dropping 2 tables:
4:321  0:000   - [00]: Drop table  signature="DMAR" (52414D44)
4:321  0:000           - set table: 52414D44,                0 to drop: no
4:321  0:000   - [01]: Drop table  signature="SSDT" (54445353) table-id="xh_cfhd4" (34646866635F6878)
4:321  0:000           - set table: 54445353, 34646866635F6878 to drop: no
4:321  0:000   - final DSDT Fix mask=40C60050
4:321  0:000  PatchesDSDT: 16 requested
4:321  0:000   - [00]: (change OSID to XSID (to avoid match against _OSI XOSI patch)) lenToFind: 4, lenToReplace: 4, Target Bridge: <null string>
4:321  0:000   - [01]: (change _OSI to XOSI) lenToFind: 4, lenToReplace: 4, Target Bridge: <null string>
4:321  0:000   - [02]: (change _DSM to XDSM) lenToFind: 4, lenToReplace: 4, Target Bridge: <null string>
4:321  0:000   - [03]: (change HDAS to HDEF) lenToFind: 4, lenToReplace: 4, Target Bridge: <null string>
4:321  0:000   - [04]: (change HECI to IMEI) lenToFind: 4, lenToReplace: 4, Target Bridge: <null string>
4:321  0:000   - [05]: (change GFX0 to IGPU) lenToFind: 4, lenToReplace: 4, Target Bridge: <null string>
4:321  0:000   - [06]: (change SAT0 to SATA) lenToFind: 4, lenToReplace: 4, Target Bridge: <null string>
4:321  0:000   - [07]: (change ECDV to EC) lenToFind: 4, lenToReplace: 4, Target Bridge: <null string>
4:321  0:000   - [08]: (change Method(GPRW,2,N) to XPRW, pair with SSDT-GPRW.aml) lenToFind: 5, lenToReplace: 5, Target Bridge: <null string>
4:321  0:000   - [09]: (change Method(_WAK,1,S) to ZWAK, pair with SSDT-PTSWAK.aml) lenToFind: 7, lenToReplace: 7, Target Bridge: <null string>
4:321  0:000   - [10]: (change Method(_PTS,1,S) to ZPTS, pair with SSDT-PTSWAK.aml) lenToFind: 8, lenToReplace: 8, Target Bridge: <null string>
4:321  0:000   - [11]: (rename BRT6 to XRT6 pair with SSDT-BRT6) lenToFind: 5, lenToReplace: 5, Target Bridge: <null string>
4:321  0:000   - [12]: (change _CRS to XCRS in Device TPD1) lenToFind: 4, lenToReplace: 4, Target Bridge: TPD1ge _ptalto X0
4:321  0:000   - [13]: (change _STA to XSTA in Device GPI0) lenToFind: 4, lenToReplace: 4, Target Bridge: GPI0
4:321  0:000   - [14]: (change USTP to XSTP) lenToFind: 5, lenToReplace: 5, Target Bridge: <null string>
4:321  0:000   - [15]: (Device SBTN rename to SLPB pair with SSDT-SLPB - credit syscl) lenToFind: 4, lenToReplace: 4, Target Bridge: <null string>
4:321  0:000  Using ProductName from config: MacBookPro15,2
4:321  0:000  BiosVersion: not set, Using BiosVersion from clover
4:321  0:000  BiosVersion: MBP152.88Z.F000.B00.1907261958
4:321  0:000  BiosReleaseDate: 07/26/2019
4:321  0:000  Using EfiVersion from clover: 1037.0.39.151.1
4:321  0:000  Using FirmwareFeatures from clover: 0xFC0FE137
4:321  0:000  Using FirmwareFeaturesMask from clover: 0xFF1FFF3F
4:321  0:000  Using PlatformFeature from clover: 0x2
4:321  0:000  === [ Found DSDT tables ] =================================
4:394  0:072  === [ ScanVolumes ] =======================================
4:394  0:000  Found 8 volumes with blockIO
4:394  0:000  - [00]: Volume: PciRoot(0x0)\Pci(0x1D,0x0)\Pci(0x0,0x0)\NVMe(0x1,DF-92-61-46-8B-44-1B-00)
4:394  0:000  - [01]: Volume: PciRoot(0x0)\Pci(0x1D,0x0)\Pci(0x0,0x0)\NVMe(0x1,DF-92-61-46-8B-44-1B-00)\HD(1,GPT,4DE5E229-6B3B-4F6A-85DA-83D93233A41D,0x28,0x64000)
4:394  0:000          Result of bootcode detection: bootable unknown (legacy)
4:394  0:000          This is SelfVolume !!
4:394  0:000  - [02]: Volume: PciRoot(0x0)\Pci(0x1D,0x0)\Pci(0x0,0x0)\NVMe(0x1,DF-92-61-46-8B-44-1B-00)\HD(2,GPT,F803E53A-CE89-448E-B9E1-FD8080BB7385,0x64028,0x3B97D260)
4:394  0:000          Result of bootcode detection: bootable unknown (legacy)
4:394  0:000  - [03]: Volume: PciRoot(0x0)\Pci(0x1D,0x0)\Pci(0x0,0x0)\NVMe(0x1,DF-92-61-46-8B-44-1B-00)\HD(2,GPT,F803E53A-CE89-448E-B9E1-FD8080BB7385,0x64028,0x3B97D260)\VenMedia(BE74FCF7-0B7C-49F3-9147-01F4042E6842,351150A74991684B9BE76FEB3F4FDEF1)
4:394  0:000          hiding this volume
4:394  0:000  - [04]: Volume: PciRoot(0x0)\Pci(0x1D,0x0)\Pci(0x0,0x0)\NVMe(0x1,DF-92-61-46-8B-44-1B-00)\HD(2,GPT,F803E53A-CE89-448E-B9E1-FD8080BB7385,0x64028,0x3B97D260)\VenMedia(BE74FCF7-0B7C-49F3-9147-01F4042E6842,141399EA587C0C498D28F75EE4831326)
4:394  0:000  - [05]: Volume: PciRoot(0x0)\Pci(0x1D,0x0)\Pci(0x0,0x0)\NVMe(0x1,DF-92-61-46-8B-44-1B-00)\HD(2,GPT,F803E53A-CE89-448E-B9E1-FD8080BB7385,0x64028,0x3B97D260)\VenMedia(BE74FCF7-0B7C-49F3-9147-01F4042E6842,F667D69D28BD67448A44DFE37991E1CF)
4:394  0:000  - [06]: Volume: PciRoot(0x0)\Pci(0x1D,0x0)\Pci(0x0,0x0)\NVMe(0x1,DF-92-61-46-8B-44-1B-00)\HD(2,GPT,F803E53A-CE89-448E-B9E1-FD8080BB7385,0x64028,0x3B97D260)\VenMedia(BE74FCF7-0B7C-49F3-9147-01F4042E6842,FD4DC2B563C52A4AA8AF84761E0F5C2E)
4:394  0:000  - [07]: Volume: PciRoot(0x0)\Pci(0x1D,0x0)\Pci(0x0,0x0)\NVMe(0x1,DF-92-61-46-8B-44-1B-00)\HD(2,GPT,F803E53A-CE89-448E-B9E1-FD8080BB7385,0x64028,0x3B97D260)\VenMedia(BE74FCF7-0B7C-49F3-9147-01F4042E6842,9C4D8DA84666E941B5C9D4520A203CE6)
4:395  0:000  found 2 handles with audio
4:395  0:000  No AudioIoDevice stored
4:395  0:000  no stored audio parameters
4:395  0:000  === [ InitTheme ] =========================================
4:395  0:000  use night theme
4:397  0:001  Using theme 'Catalina' (EFI\CLOVER\themes\Catalina)
4:397  0:000  OS main and drive as badge
4:398  0:001    Channels: 1  Sample rate: 44100 Hz  Bits: 16
4:398  0:000  output to channel 0 with volume 70, len=228736
4:398  0:000   sound channels=1 bits=16 freq=44100
4:398  0:000  not found AudioIo to play
4:398  0:000  free sound
4:398  0:000  sound play end with status=Not Found
4:400  0:002    Channels: 1  Sample rate: 44100 Hz  Bits: 16
4:400  0:000  output to channel 0 with volume 70, len=228736
4:400  0:000   sound channels=1 bits=16 freq=44100
4:400  0:000  not found AudioIo to play
4:400  0:000  free sound
4:400  0:000  sound play end with status=Not Found
4:402  0:001  Loading font from ThemeDir: Success
4:402  0:000  theme inited
4:402  0:000  Chosen theme Catalina
4:402  0:000  after NVRAM boot-args=dart=0 -cdfon -igfxnohdmi
4:402  0:000  === [ Dump SMC keys from NVRAM ] ==========================
4:402  0:000  found AppleSMC protocol
4:423  0:020  === [ AddCustomEntries ] ==================================
4:423  0:000  Custom entry 0 Title:"Recovery" Path:"\com.apple.recovery.boot\boot.efi" Type:10 Flags:0x6 matching all volumes
4:423  0:000      Checking volume "EFI" (PciRoot(0x0)\Pci(0x1D,0x0)\Pci(0x0,0x0)\NVMe(0x1,DF-92-61-46-8B-44-1B-00)\HD(1,GPT,4DE5E229-6B3B-4F6A-85DA-83D93233A41D,0x28,0x64000)) ... skipped because path does not exist
4:423  0:000      Checking volume "Preboot" (PciRoot(0x0)\Pci(0x1D,0x0)\Pci(0x0,0x0)\NVMe(0x1,DF-92-61-46-8B-44-1B-00)\HD(2,GPT,F803E53A-CE89-448E-B9E1-FD8080BB7385,0x64028,0x3B97D260)\VenMedia(BE74FCF7-0B7C-49F3-9147-01F4042E6842,351150A74991684B9BE76FEB3F4FDEF1)) ... skipped because volume is hidden
4:423  0:000      Checking volume "Data" (PciRoot(0x0)\Pci(0x1D,0x0)\Pci(0x0,0x0)\NVMe(0x1,DF-92-61-46-8B-44-1B-00)\HD(2,GPT,F803E53A-CE89-448E-B9E1-FD8080BB7385,0x64028,0x3B97D260)\VenMedia(BE74FCF7-0B7C-49F3-9147-01F4042E6842,141399EA587C0C498D28F75EE4831326)) ... skipped because path does not exist
4:423  0:000      Checking volume "Recovery" (PciRoot(0x0)\Pci(0x1D,0x0)\Pci(0x0,0x0)\NVMe(0x1,DF-92-61-46-8B-44-1B-00)\HD(2,GPT,F803E53A-CE89-448E-B9E1-FD8080BB7385,0x64028,0x3B97D260)\VenMedia(BE74FCF7-0B7C-49F3-9147-01F4042E6842,F667D69D28BD67448A44DFE37991E1CF)) ... skipped because path does not exist
4:423  0:000      Checking volume "VM" (PciRoot(0x0)\Pci(0x1D,0x0)\Pci(0x0,0x0)\NVMe(0x1,DF-92-61-46-8B-44-1B-00)\HD(2,GPT,F803E53A-CE89-448E-B9E1-FD8080BB7385,0x64028,0x3B97D260)\VenMedia(BE74FCF7-0B7C-49F3-9147-01F4042E6842,FD4DC2B563C52A4AA8AF84761E0F5C2E)) ... skipped because path does not exist
4:423  0:000      Checking volume "macOS" (PciRoot(0x0)\Pci(0x1D,0x0)\Pci(0x0,0x0)\NVMe(0x1,DF-92-61-46-8B-44-1B-00)\HD(2,GPT,F803E53A-CE89-448E-B9E1-FD8080BB7385,0x64028,0x3B97D260)\VenMedia(BE74FCF7-0B7C-49F3-9147-01F4042E6842,9C4D8DA84666E941B5C9D4520A203CE6)) ... skipped because path does not exist
4:423  0:000  Custom entry 1 Title:"Windows" Path:"\EFI\Microsoft\Boot\bootmgfw.efi" Options:"-s -h" Type:7 Flags:0x0 matching all volumes
4:423  0:000      Checking volume "EFI" (PciRoot(0x0)\Pci(0x1D,0x0)\Pci(0x0,0x0)\NVMe(0x1,DF-92-61-46-8B-44-1B-00)\HD(1,GPT,4DE5E229-6B3B-4F6A-85DA-83D93233A41D,0x28,0x64000)) ... skipped because path does not exist
4:423  0:000      Checking volume "Preboot" (PciRoot(0x0)\Pci(0x1D,0x0)\Pci(0x0,0x0)\NVMe(0x1,DF-92-61-46-8B-44-1B-00)\HD(2,GPT,F803E53A-CE89-448E-B9E1-FD8080BB7385,0x64028,0x3B97D260)\VenMedia(BE74FCF7-0B7C-49F3-9147-01F4042E6842,351150A74991684B9BE76FEB3F4FDEF1)) ... skipped because volume is hidden
4:423  0:000      Checking volume "Data" (PciRoot(0x0)\Pci(0x1D,0x0)\Pci(0x0,0x0)\NVMe(0x1,DF-92-61-46-8B-44-1B-00)\HD(2,GPT,F803E53A-CE89-448E-B9E1-FD8080BB7385,0x64028,0x3B97D260)\VenMedia(BE74FCF7-0B7C-49F3-9147-01F4042E6842,141399EA587C0C498D28F75EE4831326)) ... skipped because path does not exist
4:423  0:000      Checking volume "Recovery" (PciRoot(0x0)\Pci(0x1D,0x0)\Pci(0x0,0x0)\NVMe(0x1,DF-92-61-46-8B-44-1B-00)\HD(2,GPT,F803E53A-CE89-448E-B9E1-FD8080BB7385,0x64028,0x3B97D260)\VenMedia(BE74FCF7-0B7C-49F3-9147-01F4042E6842,F667D69D28BD67448A44DFE37991E1CF)) ... skipped because path does not exist
4:423  0:000      Checking volume "VM" (PciRoot(0x0)\Pci(0x1D,0x0)\Pci(0x0,0x0)\NVMe(0x1,DF-92-61-46-8B-44-1B-00)\HD(2,GPT,F803E53A-CE89-448E-B9E1-FD8080BB7385,0x64028,0x3B97D260)\VenMedia(BE74FCF7-0B7C-49F3-9147-01F4042E6842,FD4DC2B563C52A4AA8AF84761E0F5C2E)) ... skipped because path does not exist
4:423  0:000      Checking volume "macOS" (PciRoot(0x0)\Pci(0x1D,0x0)\Pci(0x0,0x0)\NVMe(0x1,DF-92-61-46-8B-44-1B-00)\HD(2,GPT,F803E53A-CE89-448E-B9E1-FD8080BB7385,0x64028,0x3B97D260)\VenMedia(BE74FCF7-0B7C-49F3-9147-01F4042E6842,9C4D8DA84666E941B5C9D4520A203CE6)) ... skipped because path does not exist
4:424  0:000  === [ ScanLoader ] ========================================
4:424  0:000  - [01]: 'EFI'
4:450  0:026          AddLoaderEntry for Volume Name=EFI
4:450  0:000          skipped because entry is hidden
4:450  0:000  - [03]: 'Preboot', hidden
4:450  0:000  - [04]: 'Data'
4:468  0:017  - [05]: 'Recovery'
4:468  0:000          AddLoaderEntry for Volume Name=Recovery
4:487  0:018  - [06]: 'VM'
4:503  0:016  - [07]: 'macOS'
4:507  0:004          AddLoaderEntry for Volume Name=macOS
4:509  0:001      hibernated: set as never
4:712  0:203          AddLoaderEntry for Volume Name=macOS
4:712  0:000          skipped because entry is hidden
4:712  0:000  === [ AddCustomTool ] =====================================
4:712  0:000  found tool \EFI\CLOVER\tools\Shell64U.efi
4:712  0:000  Checking EFI partition Volume 1 for Clover
4:713  0:000   Found Clover
4:714  0:001  === [ GetEfiBootDeviceFromNvram ] =========================
4:714  0:000   - efi-boot-device-data: PciRoot(0x0)\Pci(0x1D,0x0)\Pci(0x0,0x0)\NVMe(0x1,DF-92-61-46-8B-44-1B-00)\HD(2,GPT,F803E53A-CE89-448E-B9E1-FD8080BB7385,0x64028,0x3B97D260)\VenMedia(BE74FCF7-0B7C-49F3-9147-01F4042E6842,9C4D8DA84666E941B5C9D4520A203CE6)
4:714  0:000    - Volume: 'PciRoot(0x0)\Pci(0x1D,0x0)\Pci(0x0,0x0)\NVMe(0x1,DF-92-61-46-8B-44-1B-00)\HD(2,GPT,F803E53A-CE89-448E-B9E1-FD8080BB7385,0x64028,0x3B97D260)\VenMedia(BE74FCF7-0B7C-49F3-9147-01F4042E6842,9C4D8DA84666E941B5C9D4520A203CE6)'
4:714  0:000    - LoaderPath: '<null string>'
4:714  0:000    - Guid = F803E53A-CE89-448E-B9E1-FD8080BB7385
4:714  0:000  === [ FindStartupDiskVolume ] =============================
4:714  0:000    - Volume: partition = PciRoot(0x0)\Pci(0x1D,0x0)\Pci(0x0,0x0)\NVMe(0x1,DF-92-61-46-8B-44-1B-00)\HD(2,GPT,F803E53A-CE89-448E-B9E1-FD8080BB7385,0x64028,0x3B97D260)\VenMedia(BE74FCF7-0B7C-49F3-9147-01F4042E6842,9C4D8DA84666E941B5C9D4520A203CE6)
4:714  0:000     - searching for that partition
4:714  0:000      - found entry 1. 'Boot macOS from macOS', Volume 'macOS'
4:714  0:000  Boot redirected to Entry 1. 'Boot macOS from macOS'
4:714  0:000  DefaultIndex=1 and MainMenu.EntryCount=8
4:909  0:194  can't bear mouse at all! Status=Unsupported
4:909  0:000  can't bear mouse at timeout! Status=Unsupported
4:909  0:000  GUI ready
5:274  0:365  can't bear mouse at timeout! Status=Unsupported
5:276  0:001  can't bear mouse at sel! Status=Unsupported
5:619  0:343  can't bear mouse at sel! Status=Unsupported
12:055  6:436  exit from MainMenu 1
12:056  0:000  ParseBootOption: invalid input params
12:056  0:000  BootVariable of the entry is empty
12:056  0:000  === [ StartLoader ] =======================================
12:056  0:000  Finally: ExternalClock=26MHz BusSpeed=100586kHz CPUFreq=2112MHz PIS: hw.busfrequency=104000000Hz
12:056  0:000  Loading boot.efi  status=Success
12:058  0:002  GetOSVersion: 10.15.4 (19E287)
12:058  0:000  CSR_CFG: CSR_ALLOW_UNTRUSTED_KEXTS | CSR_ALLOW_UNRESTRICTED_FS | CSR_ALLOW_TASK_FOR_PID | CSR_ALLOW_UNRESTRICTED_DTRACE | CSR_ALLOW_UNRESTRICTED_NVRAM
12:058  0:000  Filtering KextPatches:
12:058  0:000   - [00]: IOUSBHostFamily (USB port limit patch 10.14.x (credit ydeng)) :: BinPatch :: [OS: 10.15.4 | MatchOS: 10.14.x | MatchBuild: All] ==> disabled by user
12:058  0:000   - [01]: com.apple.driver.usb.AppleUSBXHCI (USB Port limit patch 10.14.5,10.14.6) :: BinPatch :: [OS: 10.15.4 | MatchOS: 10.14.5,10.14.6 | MatchBuild: All] ==> disabled by user
12:058  0:000   - [02]: USB port name 10.14.x (credit ydeng) (USB port name 10.14.x (credit ydeng)) :: BinPatch :: [OS: 10.15.4 | MatchOS: 10.14.x | MatchBuild: All] ==> disabled by user
12:058  0:000   - [03]: com.apple.driver.AppleIntelLpssI2CController (Prevent Apple I2C kexts from attaching to I2C controllers, credit CoolStar) :: PlistPatch :: [OS: 10.15.4 | MatchOS: All | MatchBuild: All] ==> allowed
12:058  0:000   - [04]: com.apple.driver.AppleIntelLpssI2C (Prevent Apple I2C kexts from attaching to I2C controllers, credit CoolStar) :: PlistPatch :: [OS: 10.15.4 | MatchOS: All | MatchBuild: All] ==> allowed
12:058  0:000  Filtering KernelPatches:
12:058  0:000   - [00]: MSR 0xE2 _xcpm_idle instant reboot(c) Pike R. Alpha :: [OS: 10.15.4 | MatchOS: All | MatchBuild: no] ==> allowed by OS
12:058  0:000   - [01]: Disable panic kext logging on 10.13 release kernel (credit vit9696) :: [OS: 10.15.4 | MatchOS: 10.13.x | MatchBuild: no] ==> not allowed by OS
12:058  0:000   - [02]: Disable panic kext logging on 10.14 release kernel (credit vit9696) :: [OS: 10.15.4 | MatchOS: 10.14.x | MatchBuild: no] ==> not allowed by OS
12:058  0:000  Will not patch boot.efi
12:058  0:000  === [ PatchSmbios ] =======================================
12:058  0:000  insert table 9 for dev 1F:6
12:058  0:000  insert table 9 for dev 14:3
12:058  0:000  Table 11 present, but rewritten for us
12:059  0:000  Trusting SMBIOS...
12:059  0:000  Detected alternating SMBIOS channel banks
12:059  0:000  Channels: 1
12:059  0:000  Interleave: 0 1 2 3 4 5 6 7 8 9 10 11 12 13 14 15 16 17 18 19 20 21 22 23
12:059  0:000  SMBIOS Type 17 Index = 0 => 0 0:
12:059  0:000  BANK 0 DIMM0 EMPTY
12:059  0:000   partNum=KHYXPX-MID          
12:059  0:000  SMBIOS Type 17 Index = 1 => 1 1:
12:059  0:000  BANK 0 DIMM1 2667MHz 8192MB
12:059  0:000  mTotalSystemMemory = 8192
12:059  0:000  NumberOfMemoryDevices = 2
12:059  0:000  Type20[0]->End = 0x7FFFFF, Type17[1] = 0x2000
12:059  0:000  Table 131 is present, CPUType=35
12:059  0:000  Change to: 709
12:059  0:000  === [ PatchACPI ] =========================================
12:059  0:000  Xsdt reallocation done
12:059  0:000  old FADT length=114
12:059  0:000   SignatureFixup: 0xADBBF6FA -> 0x0
12:059  0:000  Apply DsdtFixMask=0x40C60050
12:059  0:000     drop _DSM mask=0x0000
12:059  0:000  === [ FixBiosDsdt ] =======================================
12:060  0:000  Patching DSDT:
12:060  0:000   - [change OSID to XSID (to avoid match against _OSI XOSI patch)]: pattern 4F534944, patched at: [ (3C601) (118) (F) (66F) (1709) ]
12:060  0:000   - [change _OSI to XOSI]: pattern 5F4F5349, patched at: [ (A926) (B24E) (1DBF) (3) (18) (1C) (1C) (1A) (18) (18) (18) (18) (18) (46) (39) (1B9) (5) (E) (24976) (3) (D) (D) (D) (C) (D) (D) (D) (D) (D) ]
12:060  0:000   - [change _DSM to XDSM]: pattern 5F44534D, patched at: [ (4914) (44D) (3AC) (3AC) (3AC) (3AC) (3AC) (3AC) (3AC) (3AC) (3AC) (3AC) (3AC) (3AC) (3AC) (3AC) (3AC) (3AC) (3AC) (3AC) (3AC) (3AC) (3AC) (3AC) (3AC) (3EE0) (76) (48B) (B) (47A) (5F1) (11) (6B) (22) (22) (3C) (18) (36) (814) (26F0) (E3) (E3) (60E) (C0) (C0) (C0) (C0) (C0) (C0) (C0) (C0) (FC) (106) (106) (342) (2CD) (9E) (59) (193) (2C70) (21AD) (2BA5) (A49) (A49) (A49) (A49) (A49) (A49) (A49) (A49) (A49) (A49) (A49) (A49) (A49) (A49) (A49) (A49) (A49) (A49) (A49) (3348) (27A8) (1DC) (292) (364) (BE) (332) (364) (BE) (1B6) (102) (110) (A368) (6210) ]
12:060  0:000   - [change HDAS to HDEF]: pattern 48444153, patched at: [ (924) (12) (12) (E58E) (76) (3F) (66) (A7) (DB) (89) (191FE) (19D0) (5643) (8FCC) ]
12:061  0:000   - [change HECI to IMEI]: pattern 48454349, patched at: [ (1392F) (14A77) (1FAE) ]
12:061  0:000   - [change GFX0 to IGPU]: pattern 47465830, patched at: [ (52) (E) (12) (12) (12) (5E) (12) (12) (12) (77) (12) (C89) (12) (58B) (12) (1D) (F0) (E) (33AF) (122A2) (1B) (FB1) (A) (2D62) (14) (D88E) (1B84) (12A57) (1C2C) (140E) (18) (18) (32) (11) (65) (32) (55) ]
12:061  0:000   - [change SAT0 to SATA]: pattern 53415430, patched at: [ (9A4) (12) (1CA) (16) (16) (16) (16) (16) (16) (16) (16) (16) (16) (16) (2D) (44F) (18E) (16) (16) (16) (16) (16) (E6CF) (22B3) (27) (28) (28) (28) (28) (28) (29) (29) (29) (29) (29) (31) (27) (28) (28) (28) (28) (28) (29) (29) (29) (29) (29) (2467) (25D6) (18) (13) (116BB) (1A00) (21) (10B) (4D1) (1CF) (20) (20) (20) (20) (20) (104) (20) (20) (20) (20) (20) (2D) (29) (2E) (2E) (2E) (14931) (4F2) ]
12:061  0:000   - [change ECDV to EC]: pattern 45434456, patched at: [ (1462) (16) (24) (16) (16) (16) (A5) (16) (16) (16) (16) (16) (16) (3B82B) (DF9) (3E) (1C) (1B) (46E) (14) (129) (15) (3F) (15) (1278) (122) (34) (275) ]
12:062  0:000   - [change Method(GPRW,2,N) to XPRW, pair with SSDT-GPRW.aml]: pattern 47505257, patched at: [ (185EF) ]
12:062  0:000   - [change Method(_WAK,1,S) to ZWAK, pair with SSDT-PTSWAK.aml]: pattern 14395F57, patched at: [ (A50D) ]
12:062  0:000   - [change Method(_PTS,1,S) to ZPTS, pair with SSDT-PTSWAK.aml]: pattern 1449045F, patched at: [ (A4C3) ]
12:062  0:000   - [rename BRT6 to XRT6 pair with SSDT-BRT6]: pattern 20425254, patched at: [ (3CC7A) ]
12:063  0:000   - [change _CRS to XCRS in Device TPD1]: - [change _STA to XSTA in Device GPI0]: - [change USTP to XSTP]: pattern 55535450, patched at: [ (2152) ]
12:065  0:002   - [Device SBTN rename to SLPB pair with SSDT-SLPB - credit syscl]: pattern 5342544E, patched at: [ (139ED) (2) (2AE0A) (35) ]
12:065  0:000    0 replacements
12:066  0:001  found RTC Length not match, Maybe will cause CMOS reset, will patch it.
12:066  0:000  found RTC had IRQNoFlag will move -3 bytes
12:067  0:000  found PIC had IRQNoFlag will move -3 bytes
12:067  0:000  Start HPET Fix
12:068  0:000   deleting device CRT_
12:069  0:000   deleting device DVI_
12:070  0:000   deleting device SPKR
12:070  0:000   deleting device ECP_
12:071  0:000   deleting device LPT_
12:071  0:000   deleting device FDC0
12:072  0:000   deleting device ECP1
12:072  0:000   deleting device LPT1
12:073  0:000  Start Mutex Fix
12:073  0:000  Fixing Mutex(SMIX, 1)
12:073  0:000  Fixing Mutex(WMIX, 1)
12:073  0:000  Fixing Mutex(ECMX, 1)
12:073  0:000  Fixing Mutex(ECSX, 1)
12:073  0:000  Fixing Mutex(ECM1, 1)
12:073  0:000  Fixing Mutex(QSEV, 1)
12:073  0:000  Fixing Mutex(ECAX, 1)
12:074  0:000  Name AC__P present at 0x3E7AB, renaming to ADP1
12:074  0:000  Name AC__P present at 0x3E822, renaming to ADP1
12:074  0:000  PreCleanup XSDT: count=26, length=244
12:074  0:000  PreCleanup XSDT, corrected XSDT: count=26, length=244
12:074  0:000  === [ ACPIPatchedAML ] ====================================
12:074  0:000  AutoMerge pass 1
12:074  0:000  Unsorted
12:074  0:000  Inserting SSDT-DDGPU.aml from EFI\CLOVER\ACPI\patched: ignore on pass 1
12:074  0:000  Inserting SSDT-PNLFCFL.aml from EFI\CLOVER\ACPI\patched: ignore on pass 1
12:074  0:000  Inserting SSDT-XHC.aml from EFI\CLOVER\ACPI\patched: ignore on pass 1
12:074  0:000  Inserting SSDT-SMBUS.aml from EFI\CLOVER\ACPI\patched: ignore on pass 1
12:074  0:000  Inserting SSDT-BRT6.aml from EFI\CLOVER\ACPI\patched: ignore on pass 1
12:074  0:000  Inserting SSDT-SLPB.aml from EFI\CLOVER\ACPI\patched: ignore on pass 1
12:074  0:000  Inserting SSDT-I2C.aml from EFI\CLOVER\ACPI\patched: ignore on pass 1
12:074  0:000  Inserting SSDT-XOSI.aml from EFI\CLOVER\ACPI\patched: ignore on pass 1
12:074  0:000  Inserting SSDT-GPRW.aml from EFI\CLOVER\ACPI\patched: ignore on pass 1
12:074  0:000  Inserting SSDT-UIAC.aml from EFI\CLOVER\ACPI\patched: ignore on pass 1
12:074  0:000  Inserting SSDT-PTSWAK.aml from EFI\CLOVER\ACPI\patched: ignore on pass 1
12:074  0:000  === [ ACPIDropTables ] ====================================
12:074  0:000  Patching SSDT CpuSsdt Length=6950
12:074  0:000  0. [change OSID to XSID (to avoid match against _OSI XOSI patch)]: pattern 4F534944, bin not found / already patched!
12:074  0:000  1. [change _OSI to XOSI]: pattern 5F4F5349, bin not found / already patched!
12:074  0:000  2. [change _DSM to XDSM]: pattern 5F44534D, bin not found / already patched!
12:074  0:000  3. [change HDAS to HDEF]: pattern 48444153, bin not found / already patched!
12:074  0:000  4. [change HECI to IMEI]: pattern 48454349, bin not found / already patched!
12:074  0:000  5. [change GFX0 to IGPU]: pattern 47465830, bin not found / already patched!
12:074  0:000  6. [change SAT0 to SATA]: pattern 53415430, bin not found / already patched!
12:074  0:000  7. [change ECDV to EC]: pattern 45434456, bin not found / already patched!
12:074  0:000  8. [change Method(GPRW,2,N) to XPRW, pair with SSDT-GPRW.aml]: pattern 47505257, bin not found / already patched!
12:074  0:000  9. [change Method(_WAK,1,S) to ZWAK, pair with SSDT-PTSWAK.aml]: pattern 14395F57, bin not found / already patched!
12:074  0:000  10. [change Method(_PTS,1,S) to ZPTS, pair with SSDT-PTSWAK.aml]: pattern 1449045F, bin not found / already patched!
12:074  0:000  11. [rename BRT6 to XRT6 pair with SSDT-BRT6]: pattern 20425254, bin not found / already patched!
12:074  0:000  12. [change _CRS to XCRS in Device TPD1]: pattern 5F435253, bin not found / already patched!
12:074  0:000  13. [change _STA to XSTA in Device GPI0]: pattern 5F535441, bin not found / already patched!
12:074  0:000  14. [change USTP to XSTP]: pattern 55535450, bin not found / already patched!
12:074  0:000  15. [Device SBTN rename to SLPB pair with SSDT-SLPB - credit syscl]: pattern 5342544E, bin not found / already patched!
12:074  0:000    0 replacements
12:074  0:000  Found OperationRegion(PNVS, SystemMemory, 70024000, ...)
12:074  0:000  Patching SSDT SaSsdt  Length=5731
12:074  0:000  0. [change OSID to XSID (to avoid match against _OSI XOSI patch)]: pattern 4F534944, bin not found / already patched!
12:074  0:000  1. [change _OSI to XOSI]: pattern 5F4F5349, bin not found / already patched!
12:074  0:000  2. [change _DSM to XDSM]: pattern 5F44534D, patched at: [ (112F) (4D2) ]
12:074  0:000  3. [change HDAS to HDEF]: pattern 48444153, bin not found / already patched!
12:074  0:000  4. [change HECI to IMEI]: pattern 48454349, bin not found / already patched!
12:074  0:000  5. [change GFX0 to IGPU]: pattern 47465830, patched at: [ (2D) (66) (2C1) (B9D) (1D) (6A5) ]
12:074  0:000  6. [change SAT0 to SATA]: pattern 53415430, bin not found / already patched!
12:074  0:000  7. [change ECDV to EC]: pattern 45434456, bin not found / already patched!
12:074  0:000  8. [change Method(GPRW,2,N) to XPRW, pair with SSDT-GPRW.aml]: pattern 47505257, bin not found / already patched!
12:074  0:000  9. [change Method(_WAK,1,S) to ZWAK, pair with SSDT-PTSWAK.aml]: pattern 14395F57, bin not found / already patched!
12:074  0:000  10. [change Method(_PTS,1,S) to ZPTS, pair with SSDT-PTSWAK.aml]: pattern 1449045F, bin not found / already patched!
12:074  0:000  11. [rename BRT6 to XRT6 pair with SSDT-BRT6]: pattern 20425254, bin not found / already patched!
12:074  0:000  12. [change _CRS to XCRS in Device TPD1]: pattern 5F435253, bin not found / already patched!
12:074  0:000  13. [change _STA to XSTA in Device GPI0]: pattern 5F535441, patched at: [ (15DC) ]
12:074  0:000  14. [change USTP to XSTP]: pattern 55535450, bin not found / already patched!
12:074  0:000  15. [Device SBTN rename to SLPB pair with SSDT-SLPB - credit syscl]: pattern 5342544E, bin not found / already patched!
12:074  0:000    0 replacements
12:074  0:000  Found OperationRegion(SANV, SystemMemory, 78EA1C98, ...)
12:074  0:000  Patching SSDT WHL_Tbt_ Length=8666
12:074  0:000  0. [change OSID to XSID (to avoid match against _OSI XOSI patch)]: pattern 4F534944, bin not found / already patched!
12:074  0:000  1. [change _OSI to XOSI]: pattern 5F4F5349, bin not found / already patched!
12:074  0:000  2. [change _DSM to XDSM]: pattern 5F44534D, bin not found / already patched!
12:074  0:000  3. [change HDAS to HDEF]: pattern 48444153, patched at: [ (AEE) (E) (14F6) (17) ]
12:074  0:000  4. [change HECI to IMEI]: pattern 48454349, bin not found / already patched!
12:074  0:000  5. [change GFX0 to IGPU]: pattern 47465830, bin not found / already patched!
12:074  0:000  6. [change SAT0 to SATA]: pattern 53415430, patched at: [ (65) (E) (12) (12) (12) (12) (12) ]
12:074  0:000  7. [change ECDV to EC]: pattern 45434456, bin not found / already patched!
12:074  0:000  8. [change Method(GPRW,2,N) to XPRW, pair with SSDT-GPRW.aml]: pattern 47505257, bin not found / already patched!
12:074  0:000  9. [change Method(_WAK,1,S) to ZWAK, pair with SSDT-PTSWAK.aml]: pattern 14395F57, bin not found / already patched!
12:074  0:000  10. [change Method(_PTS,1,S) to ZPTS, pair with SSDT-PTSWAK.aml]: pattern 1449045F, bin not found / already patched!
12:074  0:000  11. [rename BRT6 to XRT6 pair with SSDT-BRT6]: pattern 20425254, bin not found / already patched!
12:074  0:000  12. [change _CRS to XCRS in Device TPD1]: pattern 5F435253, bin not found / already patched!
12:075  0:000  13. [change _STA to XSTA in Device GPI0]: pattern 5F535441, patched at: [ (C6A) (CE) (27E) (53) (144) (E) (530) (656) (63) (A4) (17F) (A) (D) (10) ]
12:075  0:000  14. [change USTP to XSTP]: pattern 55535450, bin not found / already patched!
12:075  0:000  15. [Device SBTN rename to SLPB pair with SSDT-SLPB - credit syscl]: pattern 5342544E, bin not found / already patched!
12:075  0:000    0 replacements
12:075  0:000  Patching SSDT xh_whlt4 Length=12594
12:075  0:000  0. [change OSID to XSID (to avoid match against _OSI XOSI patch)]: pattern 4F534944, bin not found / already patched!
12:075  0:000  1. [change _OSI to XOSI]: pattern 5F4F5349, bin not found / already patched!
12:075  0:000  2. [change _DSM to XDSM]: pattern 5F44534D, bin not found / already patched!
12:075  0:000  3. [change HDAS to HDEF]: pattern 48444153, bin not found / already patched!
12:075  0:000  4. [change HECI to IMEI]: pattern 48454349, bin not found / already patched!
12:075  0:000  5. [change GFX0 to IGPU]: pattern 47465830, bin not found / already patched!
12:075  0:000  6. [change SAT0 to SATA]: pattern 53415430, bin not found / already patched!
12:075  0:000  7. [change ECDV to EC]: pattern 45434456, bin not found / already patched!
12:075  0:000  8. [change Method(GPRW,2,N) to XPRW, pair with SSDT-GPRW.aml]: pattern 47505257, bin not found / already patched!
12:075  0:000  9. [change Method(_WAK,1,S) to ZWAK, pair with SSDT-PTSWAK.aml]: pattern 14395F57, bin not found / already patched!
12:075  0:000  10. [change Method(_PTS,1,S) to ZPTS, pair with SSDT-PTSWAK.aml]: pattern 1449045F, bin not found / already patched!
12:075  0:000  11. [rename BRT6 to XRT6 pair with SSDT-BRT6]: pattern 20425254, bin not found / already patched!
12:075  0:000  12. [change _CRS to XCRS in Device TPD1]: pattern 5F435253, bin not found / already patched!
12:075  0:000  13. [change _STA to XSTA in Device GPI0]: pattern 5F535441, bin not found / already patched!
12:075  0:000  14. [change USTP to XSTP]: pattern 55535450, bin not found / already patched!
12:075  0:000  15. [Device SBTN rename to SLPB pair with SSDT-SLPB - credit syscl]: pattern 5342544E, bin not found / already patched!
12:075  0:000    0 replacements
12:075  0:000  Patching SSDT PtidDevc Length=10206
12:075  0:000  0. [change OSID to XSID (to avoid match against _OSI XOSI patch)]: pattern 4F534944, bin not found / already patched!
12:075  0:000  1. [change _OSI to XOSI]: pattern 5F4F5349, bin not found / already patched!
12:075  0:000  2. [change _DSM to XDSM]: pattern 5F44534D, bin not found / already patched!
12:075  0:000  3. [change HDAS to HDEF]: pattern 48444153, bin not found / already patched!
12:075  0:000  4. [change HECI to IMEI]: pattern 48454349, bin not found / already patched!
12:075  0:000  5. [change GFX0 to IGPU]: pattern 47465830, bin not found / already patched!
12:075  0:000  6. [change SAT0 to SATA]: pattern 53415430, bin not found / already patched!
12:075  0:000  7. [change ECDV to EC]: pattern 45434456, bin not found / already patched!
12:075  0:000  8. [change Method(GPRW,2,N) to XPRW, pair with SSDT-GPRW.aml]: pattern 47505257, bin not found / already patched!
12:075  0:000  9. [change Method(_WAK,1,S) to ZWAK, pair with SSDT-PTSWAK.aml]: pattern 14395F57, bin not found / already patched!
12:075  0:000  10. [change Method(_PTS,1,S) to ZPTS, pair with SSDT-PTSWAK.aml]: pattern 1449045F, bin not found / already patched!
12:075  0:000  11. [rename BRT6 to XRT6 pair with SSDT-BRT6]: pattern 20425254, bin not found / already patched!
12:075  0:000  12. [change _CRS to XCRS in Device TPD1]: pattern 5F435253, bin not found / already patched!
12:075  0:000  13. [change _STA to XSTA in Device GPI0]: pattern 5F535441, patched at: [ (846) ]
12:075  0:000  14. [change USTP to XSTP]: pattern 55535450, bin not found / already patched!
12:075  0:000  15. [Device SBTN rename to SLPB pair with SSDT-SLPB - credit syscl]: pattern 5342544E, bin not found / already patched!
12:075  0:000    0 replacements
12:075  0:000  Patching SSDT TbtTypeC Length=2788
12:075  0:000  0. [change OSID to XSID (to avoid match against _OSI XOSI patch)]: pattern 4F534944, bin not found / already patched!
12:075  0:000  1. [change _OSI to XOSI]: pattern 5F4F5349, bin not found / already patched!
12:075  0:000  2. [change _DSM to XDSM]: pattern 5F44534D, bin not found / already patched!
12:075  0:000  3. [change HDAS to HDEF]: pattern 48444153, bin not found / already patched!
12:075  0:000  4. [change HECI to IMEI]: pattern 48454349, bin not found / already patched!
12:075  0:000  5. [change GFX0 to IGPU]: pattern 47465830, bin not found / already patched!
12:075  0:000  6. [change SAT0 to SATA]: pattern 53415430, bin not found / already patched!
12:075  0:000  7. [change ECDV to EC]: pattern 45434456, bin not found / already patched!
12:075  0:000  8. [change Method(GPRW,2,N) to XPRW, pair with SSDT-GPRW.aml]: pattern 47505257, bin not found / already patched!
12:075  0:000  9. [change Method(_WAK,1,S) to ZWAK, pair with SSDT-PTSWAK.aml]: pattern 14395F57, bin not found / already patched!
12:075  0:000  10. [change Method(_PTS,1,S) to ZPTS, pair with SSDT-PTSWAK.aml]: pattern 1449045F, bin not found / already patched!
12:075  0:000  11. [rename BRT6 to XRT6 pair with SSDT-BRT6]: pattern 20425254, bin not found / already patched!
12:075  0:000  12. [change _CRS to XCRS in Device TPD1]: pattern 5F435253, bin not found / already patched!
12:075  0:000  13. [change _STA to XSTA in Device GPI0]: pattern 5F535441, bin not found / already patched!
12:075  0:000  14. [change USTP to XSTP]: pattern 55535450, bin not found / already patched!
12:075  0:000  15. [Device SBTN rename to SLPB pair with SSDT-SLPB - credit syscl]: pattern 5342544E, bin not found / already patched!
12:075  0:000    0 replacements
12:075  0:000  Patching SSDT UsbCTabl Length=1990
12:075  0:000  0. [change OSID to XSID (to avoid match against _OSI XOSI patch)]: pattern 4F534944, bin not found / already patched!
12:075  0:000  1. [change _OSI to XOSI]: pattern 5F4F5349, bin not found / already patched!
12:075  0:000  2. [change _DSM to XDSM]: pattern 5F44534D, patched at: [ (345) ]
12:075  0:000  3. [change HDAS to HDEF]: pattern 48444153, bin not found / already patched!
12:075  0:000  4. [change HECI to IMEI]: pattern 48454349, bin not found / already patched!
12:075  0:000  5. [change GFX0 to IGPU]: pattern 47465830, bin not found / already patched!
12:075  0:000  6. [change SAT0 to SATA]: pattern 53415430, bin not found / already patched!
12:075  0:000  7. [change ECDV to EC]: pattern 45434456, patched at: [ (51) (12) (556) ]
12:075  0:000  8. [change Method(GPRW,2,N) to XPRW, pair with SSDT-GPRW.aml]: pattern 47505257, bin not found / already patched!
12:075  0:000  9. [change Method(_WAK,1,S) to ZWAK, pair with SSDT-PTSWAK.aml]: pattern 14395F57, bin not found / already patched!
12:075  0:000  10. [change Method(_PTS,1,S) to ZPTS, pair with SSDT-PTSWAK.aml]: pattern 1449045F, bin not found / already patched!
12:075  0:000  11. [rename BRT6 to XRT6 pair with SSDT-BRT6]: pattern 20425254, bin not found / already patched!
12:075  0:000  12. [change _CRS to XCRS in Device TPD1]: pattern 5F435253, patched at: [ (1DA) ]
12:075  0:000  13. [change _STA to XSTA in Device GPI0]: pattern 5F535441, patched at: [ (1FB) ]
12:075  0:000  14. [change USTP to XSTP]: pattern 55535450, bin not found / already patched!
12:075  0:000  15. [Device SBTN rename to SLPB pair with SSDT-SLPB - credit syscl]: pattern 5342544E, bin not found / already patched!
12:075  0:000    0 replacements
12:075  0:000  Patching SSDT DptfTabl Length=27653
12:075  0:000  0. [change OSID to XSID (to avoid match against _OSI XOSI patch)]: pattern 4F534944, bin not found / already patched!
12:075  0:000  1. [change _OSI to XOSI]: pattern 5F4F5349, bin not found / already patched!
12:075  0:000  2. [change _DSM to XDSM]: pattern 5F44534D, patched at: [ (8E6) ]
12:075  0:000  3. [change HDAS to HDEF]: pattern 48444153, bin not found / already patched!
12:075  0:000  4. [change HECI to IMEI]: pattern 48454349, bin not found / already patched!
12:075  0:000  5. [change GFX0 to IGPU]: pattern 47465830, bin not found / already patched!
12:075  0:000  6. [change SAT0 to SATA]: pattern 53415430, bin not found / already patched!
12:075  0:000  7. [change ECDV to EC]: pattern 45434456, patched at: [ (474) (12) (31D) (16) (16F) (32A) (2255) (3A) (15) (18) (3D) (25) (1D) (1D) (2E) (17) (16) (17) (20) (20) (17) (29) (16) (1D) (17) (1F) (16) (1D) (17) (1F) (16) (1D) (17) (1F) (1E) (1404) (1D) (C2D) (96) (1E) (4C) (2E) (17) (18) (26) (2E) (17) (18) (2E) (1E5) (A8) (1D) (4B) (2E) (16) (17) (26) (2E) (16) (17) (2E) (320) (AC) (1E) (4C) (2E) (17) (18) (26) (2E) (17) (18) (2E) (181) (D3) (21) (1E) (4C) (2E) (17) (18) (26) (2E) (17) (18) (2E) (1CF) (2D) (2D) (2D) (65) (40) (40) (40) ]
12:075  0:000  8. [change Method(GPRW,2,N) to XPRW, pair with SSDT-GPRW.aml]: pattern 47505257, bin not found / already patched!
12:075  0:000  9. [change Method(_WAK,1,S) to ZWAK, pair with SSDT-PTSWAK.aml]: pattern 14395F57, bin not found / already patched!
12:075  0:000  10. [change Method(_PTS,1,S) to ZPTS, pair with SSDT-PTSWAK.aml]: pattern 1449045F, bin not found / already patched!
12:076  0:000  11. [rename BRT6 to XRT6 pair with SSDT-BRT6]: pattern 20425254, bin not found / already patched!
12:076  0:000  12. [change _CRS to XCRS in Device TPD1]: pattern 5F435253, bin not found / already patched!
12:076  0:000  13. [change _STA to XSTA in Device GPI0]: pattern 5F535441, patched at: [ (745) (1CB) (298D) (10C4) (FCB) (433) (568) (3F6) ]
12:076  0:000  14. [change USTP to XSTP]: pattern 55535450, bin not found / already patched!
12:076  0:000  15. [Device SBTN rename to SLPB pair with SSDT-SLPB - credit syscl]: pattern 5342544E, bin not found / already patched!
12:076  0:000    0 replacements
12:076  0:000  Patching SSDT ADebTabl Length=324
12:076  0:000  0. [change OSID to XSID (to avoid match against _OSI XOSI patch)]: pattern 4F534944, bin not found / already patched!
12:076  0:000  1. [change _OSI to XOSI]: pattern 5F4F5349, bin not found / already patched!
12:076  0:000  2. [change _DSM to XDSM]: pattern 5F44534D, bin not found / already patched!
12:076  0:000  3. [change HDAS to HDEF]: pattern 48444153, bin not found / already patched!
12:076  0:000  4. [change HECI to IMEI]: pattern 48454349, bin not found / already patched!
12:076  0:000  5. [change GFX0 to IGPU]: pattern 47465830, bin not found / already patched!
12:076  0:000  6. [change SAT0 to SATA]: pattern 53415430, bin not found / already patched!
12:076  0:000  7. [change ECDV to EC]: pattern 45434456, bin not found / already patched!
12:076  0:000  8. [change Method(GPRW,2,N) to XPRW, pair with SSDT-GPRW.aml]: pattern 47505257, bin not found / already patched!
12:076  0:000  9. [change Method(_WAK,1,S) to ZWAK, pair with SSDT-PTSWAK.aml]: pattern 14395F57, bin not found / already patched!
12:076  0:000  10. [change Method(_PTS,1,S) to ZPTS, pair with SSDT-PTSWAK.aml]: pattern 1449045F, bin not found / already patched!
12:076  0:000  11. [rename BRT6 to XRT6 pair with SSDT-BRT6]: pattern 20425254, bin not found / already patched!
12:076  0:000  12. [change _CRS to XCRS in Device TPD1]: pattern 5F435253, bin not found / already patched!
12:076  0:000  13. [change _STA to XSTA in Device GPI0]: pattern 5F535441, bin not found / already patched!
12:076  0:000  14. [change USTP to XSTP]: pattern 55535450, bin not found / already patched!
12:076  0:000  15. [Device SBTN rename to SLPB pair with SSDT-SLPB - credit syscl]: pattern 5342544E, bin not found / already patched!
12:076  0:000    0 replacements
12:076  0:000  Found OperationRegion(ADHD, SystemMemory, 78473000, ...)
12:076  0:000  Found OperationRegion(ABLK, SystemMemory, 78473020, ...)
12:076  0:000  === [ ACPIPatchedAML ] ====================================
12:076  0:000  AutoMerge pass 2
12:076  0:000  Unsorted
12:076  0:000  Inserting SSDT-DDGPU.aml from EFI\CLOVER\ACPI\patched: size=224 ... Success
12:076  0:000  Inserting SSDT-PNLFCFL.aml from EFI\CLOVER\ACPI\patched: size=104 ... Success
12:076  0:000  Inserting SSDT-XHC.aml from EFI\CLOVER\ACPI\patched: size=350 ... Success
12:076  0:000  Inserting SSDT-SMBUS.aml from EFI\CLOVER\ACPI\patched: size=138 ... Success
12:076  0:000  Inserting SSDT-BRT6.aml from EFI\CLOVER\ACPI\patched: size=168 ... Success
12:077  0:000  Inserting SSDT-SLPB.aml from EFI\CLOVER\ACPI\patched: size=71 ... Success
12:077  0:000  Inserting SSDT-I2C.aml from EFI\CLOVER\ACPI\patched: size=259 ... Success
12:077  0:000  Inserting SSDT-XOSI.aml from EFI\CLOVER\ACPI\patched: size=206 ... Success
12:077  0:000  Inserting SSDT-GPRW.aml from EFI\CLOVER\ACPI\patched: size=134 ... Success
12:077  0:000  Inserting SSDT-UIAC.aml from EFI\CLOVER\ACPI\patched: size=692 ... Success
12:078  0:000  Inserting SSDT-PTSWAK.aml from EFI\CLOVER\ACPI\patched: size=782 ... Success
12:078  0:000  CPUBase=0 and ApicCPUBase=1 ApicCPUNum=1
12:078  0:000  Maximum control=0x15
12:078  0:000  Turbo control=0x30
12:078  0:000  P-States: min 0x4, max 0x30
12:078  0:000  SSDT with plugin-type without P-States is generated
12:078  0:000  Cleanup XSDT: count=38, length=340
12:078  0:000  corrected XSDT count=38, length=340
12:078  0:000  === [ RestSetup macOS ] ===================================
12:078  0:000  EdidDiscovered size=128
12:078  0:000  --- Discovered EDID Table size:128
12:078  0:000  000  |  00  FF  FF  FF  FF  FF  FF  00  0D  AE
12:078  0:000  010  |  E9  14  00  00  00  00  12  1C  01  04
12:078  0:000  020  |  95  1F  11  78  02  28  65  97  59  54
12:078  0:000  030  |  8E  27  1E  50  54  00  00  00  01  01
12:078  0:000  040  |  01  01  01  01  01  01  01  01  01  01
12:078  0:000  050  |  01  01  01  01  B4  3B  80  4A  71  38
12:078  0:000  060  |  34  40  50  3C  68  00  35  AD  10  00
12:078  0:000  070  |  00  1A  C2  2F  80  4A  71  38  34  40
12:078  0:000  080  |  50  3C  68  00  35  AD  10  00  00  1A
12:078  0:000  090  |  00  00  00  FE  00  36  57  57  35  4B
12:078  0:000  100  |  80  31  34  30  48  43  4E  0A  00  00
12:078  0:000  110  |  00  00  00  00  41  31  96  00  10  00
12:078  0:000  120  |  00  0A  01  0A  20  20  00  0F
12:078  0:000  add device: PciRoot(0x0)/Pci(0x2,0x0)
12:078  0:000     Add key=model valuelen=23
12:078  0:000     Add key=hda-gfx valuelen=10
12:078  0:000     Add key=framebuffer-unifiedmem valuelen=4
12:078  0:000     Add key=framebuffer-stolenmem valuelen=4
12:078  0:000     Add key=framebuffer-patch-enable valuelen=4
12:078  0:000     Add key=framebuffer-fbmem valuelen=4
12:078  0:000     Add key=framebuffer-con2-enable valuelen=4
12:078  0:000     Add key=framebuffer-con2-alldata valuelen=12
12:078  0:000     Add key=framebuffer-con1-enable valuelen=4
12:078  0:000     Add key=framebuffer-con1-alldata valuelen=12
12:078  0:000     Add key=framebuffer-con0-enable valuelen=4
12:078  0:000     Add key=framebuffer-con0-alldata valuelen=12
12:078  0:000     Add key=enable-hdmi20 valuelen=4
12:078  0:000     Add key=device_type valuelen=26
12:078  0:000     Add key=device-id valuelen=4
12:078  0:000     Add key=AAPL,slot-name valuelen=9
12:078  0:000     Add key=AAPL,ig-platform-id valuelen=4
12:078  0:000     Add key=AAPL,GfxYTile valuelen=4
12:078  0:000  add device: PciRoot(0x0)/Pci(0x1F,0x6)
12:078  0:000     Add key=model valuelen=31
12:078  0:000     Add key=device_type valuelen=20
12:078  0:000     Add key=AAPL,slot-name valuelen=9
12:078  0:000  add device: PciRoot(0x0)/Pci(0x1F,0x3)
12:078  0:000     Add key=name valuelen=6
12:078  0:000     Add key=model valuelen=37
12:078  0:000     Add key=layout-id valuelen=4
12:078  0:000     Add key=hda-gfx valuelen=10
12:078  0:000  add device: PciRoot(0x0)/Pci(0x1C,0x2)/Pci(0x0,0x0)
12:078  0:000     Add key=AAPL,slot-name valuelen=5
12:078  0:000  add device: PciRoot(0x0)/Pci(0x1C,0x0)/Pci(0x0,0x0)
12:078  0:000     Add key=name valuelen=11
12:078  0:000     Add key=model valuelen=36
12:078  0:000     Add key=device_type valuelen=17
12:078  0:000     Add key=compatible valuelen=13
12:078  0:000     Add key=AAPL,slot-name valuelen=9
12:078  0:000  Intel GFX injection not set
12:078  0:000   RCBA disabled; cannot use it
12:078  0:000  stringlength = 4698
12:078  0:000  CurrentMode: Width=1920 Height=1080
12:078  0:000  Beginning FSInjection
FSInjectionInstall ...
- Our FSI_SIMPLE_FILE_SYSTEM_PROTOCOL installed on handle: 72223F98
FSInjectionInstall ...
- Our FSI_SIMPLE_FILE_SYSTEM_PROTOCOL installed on handle: 72223F98
12:085  0:006  Remap smbios table type 1 guid.
12:090  0:004    Force kext: System\Library\Extensions\IONetworkingFamily.kext
12:095  0:005      Force PlugIn kext: System\Library\Extensions\IONetworkingFamily.kext\Contents\PlugIns\AppleEthernetAquantiaAqtion.kext
12:097  0:002      Force PlugIn kext: System\Library\Extensions\IONetworkingFamily.kext\Contents\PlugIns\AppleBCM5701Ethernet.kext
12:100  0:002      Force PlugIn kext: System\Library\Extensions\IONetworkingFamily.kext\Contents\PlugIns\AppleIntelI210Ethernet.kext
12:102  0:002      Force PlugIn kext: System\Library\Extensions\IONetworkingFamily.kext\Contents\PlugIns\Intel82574L.kext
12:104  0:002      Force PlugIn kext: System\Library\Extensions\IONetworkingFamily.kext\Contents\PlugIns\IOEthernetAVBController.kext
12:105  0:000      Force PlugIn kext: System\Library\Extensions\IONetworkingFamily.kext\Contents\PlugIns\AppleEthernetAquantiaAqtionFirmware.kext
12:108  0:002      Force PlugIn kext: System\Library\Extensions\IONetworkingFamily.kext\Contents\PlugIns\AppleIntel8254XEthernet.kext
12:109  0:001      Force PlugIn kext: System\Library\Extensions\IONetworkingFamily.kext\Contents\PlugIns\AppleVmxnet3Ethernet.kext
12:110  0:001      Force PlugIn kext: System\Library\Extensions\IONetworkingFamily.kext\Contents\PlugIns\mDNSOffloadUserClient.kext
12:112  0:001  Preparing kexts injection for arch=x86_64 from EFI\CLOVER\kexts\Other
12:112  0:000  Extra kext: EFI\CLOVER\kexts\Other\AppleALC.kext (v.1.4.8)
12:148  0:035  Extra kext: EFI\CLOVER\kexts\Other\CodecCommander.kext (v.2.7.1)
12:152  0:004  Extra kext: EFI\CLOVER\kexts\Other\CPUFriendDataProvider.kext (v.1.0.0)
12:153  0:000  Extra kext: EFI\CLOVER\kexts\Other\CPUFriend.kext (v.1.2.0)
12:154  0:001  Extra kext: EFI\CLOVER\kexts\Other\IntelMausiEthernet.kext (v.2.5.0d0)
12:157  0:002  Extra kext: EFI\CLOVER\kexts\Other\NoTouchID.kext (v.1.0.3)
12:158  0:001  Extra kext: EFI\CLOVER\kexts\Other\Lilu.kext (v.1.4.3)
12:161  0:003  Extra kext: EFI\CLOVER\kexts\Other\SMCBatteryManager.kext (v.1)
12:164  0:002  Extra kext: EFI\CLOVER\kexts\Other\SMCProcessor.kext (v.1.1.2)
12:166  0:002  Extra kext: EFI\CLOVER\kexts\Other\SMCLightSensor.kext (v.1)
12:167  0:001  Extra kext: EFI\CLOVER\kexts\Other\USBInjectAll.kext (v.0.7.5)
12:242  0:074  Extra kext: EFI\CLOVER\kexts\Other\SMCSuperIO.kext (v.1.1.2)
12:245  0:003  Extra kext: EFI\CLOVER\kexts\Other\VerbStub.kext (v.1.0.3)
12:248  0:002  Extra kext: EFI\CLOVER\kexts\Other\VoodooI2C.kext (v.2.2)
12:253  0:005    |-- PlugIn kext: EFI\CLOVER\kexts\Other\VoodooI2C.kext\Contents\PlugIns\VoodooI2CServices.kext (v.1)
12:256  0:003    |-- PlugIn kext: EFI\CLOVER\kexts\Other\VoodooI2C.kext\Contents\PlugIns\VoodooGPIO.kext (v.1.1)
12:260  0:003  Extra kext: EFI\CLOVER\kexts\Other\VirtualSMC.kext (v.1.1.2)
12:264  0:004  Extra kext: EFI\CLOVER\kexts\Other\VoodooI2CHID.kext (v.1)
12:268  0:004  Extra kext: EFI\CLOVER\kexts\Other\VoodooPS2Controller.kext (v.1.9.2)
12:272  0:003    |-- PlugIn kext: EFI\CLOVER\kexts\Other\VoodooPS2Controller.kext\Contents\PlugIns\VoodooPS2Keyboard.kext (v.1.9.2)
12:279  0:007  Extra kext: EFI\CLOVER\kexts\Other\WhateverGreen.kext (v.1.3.8)
12:282  0:002  Extra kext: EFI\CLOVER\kexts\Other\XHCI-unsupported.kext (v.0.9.2)
12:289  0:006  SetStartupDiskVolume:
12:289  0:000    * Volume: 'macOS'
12:289  0:000    * LoaderPath: '<null string>'
12:289  0:000    * DevPath: macOS
12:289  0:000    * GUID = F803E53A-CE89-448E-B9E1-FD8080BB7385
12:289  0:000    * efi-boot-device: <array><dict><key>IOMatch</key><dict><key>IOProviderClass</key><string>IOMedia</string><key>IOPropertyMatch</key><dict><key>UUID</key><string>F803E53A-CE89-448E-B9E1-FD8080BB7385</string></dict></dict></dict></array>
12:289  0:000  SetScreenResolution: 1920x1080 - already set
12:289  0:000  Custom boot is disabled
12:291  0:002  Closing log
